0.000000000000000000e+00
8.098371252067537718e-02
3.999642153988527266e-02
1.108650463197233260e-01
-9.232900142038291680e-01
-1.245699803230849056e+00
-1.549933730394020825e+00
-8.296904560998792366e-01
2.259274043510397789e-01
2.158257525981416985e-02
3.478786990798712342e-01
4.747478278112167716e-01
7.417817616815619575e-01
6.779213020344265761e-01
1.088909710304401424e+00
1.217531249337423294e+00
1.598445102739535439e+00
1.504931296470692681e+00
1.547339811682391542e+00
1.837792297798184427e+00
2.013743907786039067e+00
1.994127904078753621e+00
2.371597304761491554e+00
1.620015334463346113e+00
2.146704327201153895e+00
1.529118313806029139e+00
1.983640140566989007e+00
2.764426510543920745e+00
3.548819547800293517e+00
4.320483629659199742e+00
3.701859981298645685e+00
5.278978444632362432e+00
5.588524991509156159e+00
5.559804592852941596e+00
5.191766469190086219e+00
4.992551618514340817e+00
5.992287124943194598e+00
6.218194031027938884e+00
5.794654243070215038e+00
5.868313318801577694e+00
5.984584440815756246e+00
6.199195471646908651e+00
5.496847302323641493e+00
6.739719268862534918e+00
6.801892452944537482e+00
6.806646445676709511e+00
7.802800567822658628e+00
8.357885936740899524e+00
8.504511140964796212e+00
8.801352094189107689e+00
8.861928068446164986e+00
8.839602258028220305e+00
8.988367383667551280e+00
8.980647218847549240e+00
8.913333332218851268e+00
9.089053963212005982e+00
9.191601686863679177e+00
9.307831147226933055e+00
9.128936141255888259e+00
9.106604235390566515e+00
9.301036058268113749e+00
9.279554196471533345e+00
9.164796767669798783e+00
9.401622999617158527e+00
8.627572623152550690e+00
9.386173454092730850e+00
9.583381589713255266e+00
9.610994609736073002e+00
9.742272776232148601e+00
9.768299465427009665e+00
9.810946893085391807e+00
9.764328768550923243e+00
9.991054797006363231e+00
1.027842405317846719e+01
1.038992418429677045e+01
1.049072481801904289e+01
1.053293567055285607e+01
1.089880202817252020e+01
1.104393157082908061e+01
1.119685641928128206e+01
1.072633093749744226e+01
1.061479355562509852e+01
1.107421677136574445e+01
1.136734474381865390e+01
1.115023811346787852e+01
1.058576374056665159e+01
1.087363038394859061e+01
1.091652601680746315e+01
1.120853135192569994e+01
1.142752038822581895e+01
1.155003815343915363e+01
1.134122746278698735e+01
1.144808203133369062e+01
1.180387066985230327e+01
1.180550013840570678e+01
1.191040455129285114e+01
1.169725596244285626e+01
1.116593123806464050e+01
1.152718630047871606e+01
1.193195185873753594e+01
1.216560974703688913e+01
1.213993091698149485e+01
1.228408257296457684e+01
1.222474028217495778e+01
1.250707708846644906e+01
1.253492437867400788e+01
1.084737342964788809e+01
1.167930217367942447e+01
1.306656837435153840e+01
1.358742335469537998e+01
1.387725919479427894e+01
1.343622550029351892e+01
1.363972445346033879e+01
1.346343323492917499e+01
1.379343467455742989e+01
1.411586144473876203e+01
1.382950577884044030e+01
1.388656727549973091e+01
1.395428107660158723e+01
1.478429644841198609e+01
1.522094477705748439e+01
1.537335143278602523e+01
1.517041293758902754e+01
1.585970740151196878e+01
1.569003369525516511e+01
1.518490299974679480e+01
1.542099904697608892e+01
1.636291696033975640e+01
1.681096569200687085e+01
1.686457049330615732e+01
1.697593680912053316e+01
1.699250318164131102e+01
1.705999425078011811e+01
1.730539757197171369e+01
1.741344329470727459e+01
1.749560174982352123e+01
1.752683255793184358e+01
1.749926104429220786e+01
1.784165741933267668e+01
1.648949103022764362e+01
1.727365527284689506e+01
1.799095825323231068e+01
1.822577332625852620e+01
1.873706607120023193e+01
1.904885797225366417e+01
1.900126495436323282e+01
1.934721020678076542e+01
1.934430553020121479e+01
1.981164615956785013e+01
2.007883742710006558e+01
