0.000000000000000000e+00
6.562849354421140813e-02
7.098387418177283525e-02
3.066703440505408329e-01
-4.047790807100905275e-02
-2.484355550300329507e-01
-2.814638804869492583e-01
-5.578153615520312636e-01
2.202074355809751638e-01
5.683901608233431491e-01
6.773079527245934317e-01
7.733222815233187220e-01
8.913662496247422018e-01
1.016903297937700401e+00
6.187051866073867146e-01
8.448557478507309204e-01
5.652443086750519319e-01
2.251402407159490970e-01
3.809683613050734441e-01
5.172023282280656664e-01
5.673559426341063805e-01
7.484001528305608275e-01
5.945843247684863275e-01
9.515258610609118595e-01
6.123762972698281182e-01
1.127506588414440625e+00
1.058486453739874822e+00
1.306290250617850202e+00
1.425016053805389760e+00
1.589250357281577930e+00
2.122828842510099623e+00
2.418752455663315537e+00
2.275014495479214638e+00
2.557043477061516690e+00
2.669611391299517411e+00
2.414998258503109341e+00
2.483939852300057538e+00
2.427397270447778421e+00
2.424682498957845933e+00
2.510262981656513404e+00
2.655404959239031193e+00
2.379730323463284059e+00
2.505556646564198520e+00
2.591876837663533717e+00
2.692517432103488151e+00
2.728735906832002289e+00
2.738454684822764218e+00
2.444646025887577512e+00
3.210517092100376058e+00
2.881250173707339712e+00
3.044006248929865155e+00
2.720751783306534222e+00
2.515419017562302795e+00
2.761660824149867910e+00
1.559793555779233509e+00
3.546231620728008238e+00
3.771325736252424399e+00
3.918517946092939130e+00
3.555169668738872080e+00
4.000714743784357985e+00
2.672378184112104815e+00
3.144790004320200616e+00
3.257295623015254549e+00
4.199278446012974619e+00
4.791044971167761624e+00
4.822625875608905766e+00
4.671440166597350618e+00
4.689049474351111968e+00
5.193342408748081951e+00
4.817839662086726094e+00
4.858297462626251395e+00
5.484996396082760128e+00
5.497138643046044493e+00
5.589507154187100646e+00
5.662239655805652916e+00
5.822041692531162660e+00
5.963907791414891690e+00
5.690739944482069212e+00
5.912436694956221039e+00
6.120207304483718858e+00
6.201546064757869736e+00
6.128402977296642185e+00
6.404085814471577542e+00
6.373730597320705016e+00
6.371217276008548147e+00
6.463592667634838307e+00
6.118716498433597550e+00
6.138802561032213667e+00
6.229256064528652104e+00
7.243999459799180585e+00
7.097917520979865280e+00
6.801618714211104866e+00
6.149643450220676044e+00
7.739660398892353577e+00
7.978412182857407053e+00
8.081919810997858278e+00
8.172427324732456810e+00
8.230881820880092903e+00
8.560200125236651303e+00
8.896804857838207070e+00
9.084648810003816521e+00
8.958480088648206774e+00
8.666996278662884023e+00
8.769269169273432141e+00
8.500798692211935403e+00
8.723726755531087562e+00
8.846018685427743833e+00
8.915018740014065912e+00
9.177059271391703632e+00
8.902258655190218306e+00
9.014118452685757177e+00
9.083175951707424645e+00
9.179495293610886009e+00
9.330647625524308708e+00
9.496382436910485225e+00
9.616286768471010049e+00
9.958899169413157892e+00
9.798294247879695718e+00
9.832497029738387795e+00
1.046967357928669173e+01
1.006974983682310842e+01
1.046524870423078291e+01
1.049513993590053573e+01
1.045214962493765221e+01
1.067001335812244456e+01
1.119727213832843127e+01
1.126094003670353594e+01
1.139107824547653358e+01
1.123857777569518568e+01
1.080275510716684018e+01
1.108084538682526343e+01
1.023958608914500168e+01
1.025215345912359233e+01
1.039292525125287270e+01
1.072876498208151652e+01
1.099011440169172182e+01
1.083263822756225458e+01
1.058266915358722393e+01
1.071693142421390199e+01
1.108351846352231185e+01
1.137030788076574872e+01
1.162860319867902881e+01
1.258836164918815115e+01
1.239669562227263810e+01
1.307926785178687723e+01
1.337263021251848016e+01
1.366395604097076522e+01
1.365407062158062956e+01
1.409746456876542275e+01
1.405302002878171130e+01
