0.000000000000000000e+00
1.817071873896060298e-03
3.151231598121949362e-02
8.992010317515945761e-02
1.589281261294235026e-01
3.015895482204389855e-01
3.944072091337471608e-01
5.417750000459874427e-01
7.028336712891632976e-01
9.522998065481820540e-02
5.889184277476208207e-01
5.832775401206335975e-01
4.179632725013617822e-01
1.010267144859841926e+00
9.277648876986354098e-01
1.021356266881945363e+00
1.652832715491696858e+00
1.339527038156685057e+00
1.040599555888244154e+00
1.169331863611775324e+00
1.237920100528563161e+00
1.437723610373004002e+00
1.233047925353160101e+00
1.322467025430008603e-01
-3.493994515612990903e-01
1.018294431275011958e+00
1.701457251488015521e+00
1.849834802146626211e+00
1.920112147241875178e+00
2.030734730247302000e+00
2.305325797916629504e+00
2.357917719007660562e+00
2.978906037875021617e+00
3.046849849339557270e+00
3.261173261341562934e+00
3.357923682201694682e+00
3.620755783717747978e+00
3.861319493093584576e+00
4.224252064022667064e+00
4.381148364681833662e+00
4.416172207912726577e+00
4.836965337712053170e+00
4.549943766507062115e+00
5.052008628699573123e+00
5.049790684783975081e+00
5.256852949824286192e+00
5.352853718529768656e+00
5.399092590530039537e+00
5.553725477128298671e+00
5.771310087634085484e+00
5.963239738768470133e+00
5.939151969307683743e+00
6.299635213684477542e+00
7.263445801406077429e+00
7.475340023057505334e+00
7.638732260999418600e+00
7.912224227116981368e+00
8.013619055543651726e+00
8.030529255789863541e+00
8.842780933518641362e+00
8.674246547144779385e+00
9.251555408380236045e+00
9.468759705736564669e+00
9.829687168004287656e+00
9.979808609539867703e+00
1.006327006644744060e+01
1.020185730864633200e+01
1.031101579819905822e+01
1.037177334250901417e+01
1.057580040334803506e+01
1.079504678712866728e+01
1.065641849163153410e+01
1.113757532632824088e+01
1.102921101333550347e+01
1.116553962544358036e+01
1.123091901428282391e+01
1.132484211331595780e+01
1.135553295434922383e+01
1.127994648496812147e+01
1.163611297324845850e+01
1.186999364779062027e+01
1.191637571367454029e+01
1.152095745923460690e+01
1.187640311952295846e+01
1.295156101546309202e+01
1.354569565845131862e+01
1.390443258694087980e+01
1.406355663727380190e+01
1.415474442766239171e+01
1.430104788192347520e+01
1.440178039824176004e+01
1.444467539464707428e+01
1.432836765510362298e+01
1.345780896721992725e+01
1.421698085218738505e+01
1.424335582867730210e+01
1.420821581508346831e+01
1.359478196923491744e+01
1.397154854420397996e+01
1.328124255556729061e+01
1.290440584342243646e+01
1.306385611025654292e+01
1.339192813538327798e+01
1.332732251521602684e+01
1.284857968865460087e+01
1.308746434439319373e+01
1.279968749192515176e+01
1.306140799500885663e+01
1.313080691682816514e+01
1.319203325832338081e+01
1.341348491561679523e+01
1.352121219699636789e+01
1.358626866027111824e+01
1.366955537420371058e+01
1.305548591445811368e+01
1.396709071497408949e+01
1.410340562677900422e+01
1.418036543430081942e+01
1.439092383146257070e+01
1.516666472939862054e+01
1.544260562718381991e+01
1.549154469263719847e+01
1.604344644538224074e+01
1.610992369309486705e+01
1.652102852507808706e+01
1.632389716420615855e+01
1.677673728031139078e+01
1.690229435248667045e+01
1.697543224372113713e+01
1.701761420614245068e+01
1.678139819412983513e+01
1.739585624300604039e+01
1.760309150584500770e+01
1.784034152878047408e+01
1.765767966456082760e+01
1.810059541498135616e+01
1.864132177385192435e+01
1.910619440339265296e+01
1.922730569368676257e+01
1.980535347745763985e+01
1.970568155105089403e+01
2.012528713978647943e+01
2.020034143958450201e+01
2.039958530945067494e+01
2.041655942910639965e+01
2.056264250741276456e+01
2.058432808210368847e+01
2.100034839566571065e+01
2.092755193171466743e+01
2.110996720987686714e+01
