0.000000000000000000e+00
6.690309942526383169e-02
1.491646162653236241e-01
-2.786027045206252439e-01
4.142873240120995004e-01
1.377683024080926799e-01
2.472476828482264299e-01
5.131554943249786449e-01
5.745546184525919253e-01
1.622737363449859027e-01
3.332843432913181747e-01
3.408025393605122466e-01
5.409499661951621130e-01
-7.170846791518448692e-03
2.432059131782292050e-01
2.640759446519617692e-01
5.443204775363993386e-01
4.353268940109953355e-01
8.613559707079617711e-01
8.594769338671162107e-01
1.161463308781048864e+00
1.073823057349168719e+00
7.639643940575134851e-01
9.006355721339556197e-01
1.598619628068544296e+00
1.709568531279715531e+00
1.925138292569949616e+00
1.991751996138706238e+00
2.100786527893815592e+00
2.221645490152688307e+00
2.348366801173901397e+00
2.450648701170708765e+00
2.605427612140602367e+00
2.388668159107538713e+00
2.671281300704396511e+00
3.542771492815880219e+00
3.521386172338781595e+00
3.247375091431435656e+00
3.116896304547978946e+00
1.788715775808624731e+00
2.237009702421076884e+00
2.621027104560894827e+00
2.770228067378998738e+00
2.457622365276012300e+00
3.034003096301159275e+00
2.422415661638333439e+00
2.381814603484022630e+00
4.450994100086697713e+00
3.802387540294639212e+00
3.987448755275883272e+00
5.451163399170755319e+00
5.576410806530812891e+00
5.730518172935934906e+00
5.881057985222477136e+00
5.385095791504610929e+00
5.443510400793893034e+00
6.630406543901378846e+00
6.232313143862457494e+00
6.867686836613328794e+00
7.048377799643069430e+00
7.283605576646682067e+00
7.401320605416541021e+00
7.245457981947860837e+00
7.390967613144304948e+00
7.659959790019040149e+00
7.754332335770561357e+00
7.864239928183337724e+00
7.983681639680461295e+00
8.121105483198439501e+00
8.113882166435097076e+00
8.427076829322565743e+00
8.031873781019754688e+00
8.321904647270999433e+00
8.169035247911455855e+00
7.060633688980052725e+00
7.116333912445726106e+00
7.401865776906096706e+00
7.716655740459133384e+00
7.865236152008256099e+00
8.126232210345001761e+00
7.784976673712876050e+00
8.152153042255031679e+00
8.372064931941697097e+00
8.511592960649645434e+00
8.311382942715042077e+00
7.603867877413875931e+00
8.119228876231197489e+00
8.334829276780249430e+00
8.025969918621393973e+00
8.628256740064538022e+00
8.744015853242146363e+00
8.679953814923690558e+00
8.748185903427675214e+00
8.952978403051295331e+00
9.074501826308896568e+00
9.161845300798944436e+00
9.175947785861676920e+00
9.180039067757554960e+00
9.344723321900023194e+00
9.456491606926897830e+00
9.644648232907528040e+00
9.561625652608466197e+00
1.004068389795153671e+01
1.026886363631334653e+01
1.043959867128672592e+01
1.053300804801586921e+01
1.067329598060971030e+01
1.070311898264495909e+01
1.083493876213743690e+01
1.094309561965116373e+01
1.102489426912184456e+01
1.112608295866959551e+01
1.111435200502079823e+01
1.133709280799952346e+01
1.146157119298187155e+01
1.146106194044203086e+01
1.156259515953380657e+01
1.068042382976351590e+01
1.135342334527706143e+01
1.157877990592193740e+01
1.190766150911634291e+01
1.381318867338055512e+01
1.348469352167272106e+01
1.334801372556263743e+01
1.344426871060221806e+01
1.339745517490147009e+01
1.389084011055232715e+01
1.408111268775222946e+01
1.417884803727347354e+01
1.426375122589914746e+01
1.399278750854969999e+01
1.400438881143811720e+01
1.406399552931646646e+01
1.376454617459228658e+01
1.312227595781850731e+01
1.275128124397588714e+01
1.301645293479411869e+01
1.345772253290737375e+01
1.337088693361992142e+01
1.355352649125425835e+01
1.358817650170877478e+01
1.363959523001120999e+01
1.348356894632812697e+01
1.364724342881398300e+01
1.377108514309409415e+01
1.377093683722152839e+01
1.404660983643374728e+01
1.409255440825539196e+01
1.329121309844869536e+01
1.420358181366181860e+01
