0.000000000000000000e+00
7.946749338752896741e-02
1.053629539799494363e-01
1.444751196566299856e-01
-1.955334240001975199e-01
-5.632418861128273870e-03
2.546966673467372932e-01
1.849176474250061042e-01
7.088228929491657837e-02
1.095949910721118886e-01
-4.596452007587826238e-01
6.055397009885737231e-02
1.651637159028845614e-01
1.509535296504499642e-02
5.863920956810162455e-01
7.234662652208873057e-01
1.235825719375873044e+00
1.848400882588872474e+00
1.628493692377497970e+00
1.795021637637236100e+00
1.728766049836140795e+00
2.239338557280106556e+00
2.350065582495475258e+00
2.133519182748611520e+00
2.220632339466177108e+00
2.405793891059168743e+00
2.425906553473626381e+00
2.627216039853081497e+00
2.733048537969467340e+00
2.814765579689620711e+00
3.037273566748893927e+00
3.018703989424852629e+00
3.244122645173547426e+00
3.379968091815885867e+00
3.038710209914373905e+00
3.197732246431326697e+00
3.195654596298554306e+00
3.321014850860092515e+00
3.501783239065345832e+00
3.695629814048414286e+00
3.712970075602237685e+00
3.888943321534512609e+00
4.049320523198956856e+00
3.836382608748092782e+00
4.558218869225287406e+00
5.134372733387206900e+00
5.176541862711500741e+00
5.276604970708235420e+00
4.884282606102922308e+00
5.001726510117017632e+00
5.667360988830036916e+00
6.736481224209236451e+00
7.162447342492600733e+00
7.470437947408398394e+00
7.640794314435717993e+00
7.718625604253842809e+00
7.171169535034775500e+00
7.234921095840570082e+00
6.784574318865187692e+00
7.545705671246039969e+00
7.232124663482294658e+00
8.253197054519020526e+00
8.529567442465332050e+00
8.906771099658952195e+00
9.274906518176024406e+00
8.908843840459887531e+00
8.964704518641063657e+00
9.187928581276823436e+00
9.191332339832506193e+00
9.309395153408820178e+00
9.446644634400151119e+00
9.574864212456686730e+00
9.993087139173599809e+00
9.992278691090577425e+00
1.034536737982940480e+01
1.032097431137077947e+01
1.031506248086096456e+01
1.047340896771668106e+01
1.057051847837044889e+01
1.060647097169309028e+01
1.000706847461919047e+01
9.969764957554442475e+00
1.010713842257138317e+01
1.056500368070489948e+01
1.067659413006892599e+01
1.078958297665312038e+01
1.084509296232733000e+01
1.001511827220918960e+01
1.011217096743664179e+01
1.035212556177374488e+01
1.054448094783538004e+01
1.081607527155780701e+01
1.072515411108538785e+01
1.116849597047624343e+01
1.114520296955184975e+01
1.108772674612278486e+01
1.179095439128834677e+01
1.241434433222109668e+01
1.259905212150130893e+01
1.330690798397196772e+01
1.357957191101740868e+01
1.366668014207129822e+01
1.406549289572289752e+01
1.415313101543521412e+01
1.444944626537228061e+01
1.538728123256828262e+01
1.375344861216281878e+01
1.422558170066804983e+01
1.585352229614856334e+01
1.659366749265289798e+01
1.670409248984999806e+01
1.684735180836644020e+01
1.666874038270924174e+01
1.706749816627796790e+01
1.713798070168292398e+01
1.703932167311704049e+01
1.746829254650813468e+01
1.764083941066842343e+01
1.791819533485742610e+01
1.796151858579919747e+01
1.805614376011200761e+01
1.839774943725392475e+01
1.828215691176466962e+01
1.838534594018492641e+01
1.870002112003431094e+01
1.798338533993783273e+01
1.848693137859737590e+01
1.863849547523427219e+01
1.844917692155571132e+01
1.823876528850988876e+01
1.727844758109688428e+01
1.845878327744819813e+01
1.894950841474750192e+01
1.920916660238897578e+01
1.925524041260847241e+01
1.944391843566016220e+01
1.918974228119602543e+01
1.954047200467843126e+01
1.985990317193471810e+01
2.014793917359863329e+01
2.037551541385066045e+01
2.070063126102156659e+01
2.106834998035530404e+01
2.101385696971810546e+01
2.124437152701468534e+01
2.112813687203869151e+01
2.186448461049860370e+01
2.193900590642827098e+01
2.231482751787497776e+01
2.231083608992934941e+01
