0.000000000000000000e+00
1.752039307228530967e-03
2.215082963274420114e-02
7.310445286154299005e-02
1.443375285596811830e-01
2.380274514608981817e-01
3.376349312356190513e-01
4.421933901951575763e-01
5.440669678981489010e-01
6.492932934179274085e-01
7.584674566229259174e-01
8.692916093234281938e-01
9.808680474838130658e-01
1.084407288100794453e+00
1.189586331424874244e+00
1.296142172566764783e+00
1.404256914266823086e+00
1.518975300191584221e+00
1.619466585198021669e+00
1.728472981926037377e+00
1.836853555060770748e+00
1.946029155380070375e+00
2.059007933051285821e+00
2.166217918566935463e+00
2.273303914200615949e+00
2.383658715348087931e+00
2.487732524168485337e+00
2.612651812114861194e+00
2.720586407206173174e+00
2.828186017577527966e+00
2.932284729294077685e+00
3.047691285450955245e+00
3.152824881259919998e+00
3.257183887816809342e+00
3.368003453068197928e+00
3.473892119735064732e+00
3.579615993502514026e+00
3.695078766429283235e+00
3.805275981735543489e+00
3.916941414708051905e+00
4.025692766388702992e+00
4.137338285659477144e+00
4.248370348100224625e+00
4.358692277218652933e+00
4.465000030422978661e+00
4.569626976194851586e+00
4.673470236154400936e+00
4.785587406890531526e+00
4.889577599981802081e+00
4.997710262140094173e+00
5.100926231070745942e+00
5.208981016231130745e+00
5.310332535114396180e+00
5.420689056150201246e+00
5.530781800622606603e+00
5.639053354644506300e+00
5.748751600740802381e+00
5.856544834657977816e+00
5.958497665968904400e+00
6.065741936529656542e+00
6.172178474261329484e+00
6.276668112338009031e+00
6.382695121357417456e+00
6.491313540956737071e+00
6.608105478666537635e+00
6.718993090169768756e+00
6.823801622859983596e+00
6.933768641729958659e+00
7.040930913388160128e+00
7.158863810868639987e+00
7.267415705358599709e+00
7.374360759698745049e+00
7.490332238998592906e+00
7.605392920512694666e+00
7.715915139427095504e+00
7.828467589020450923e+00
7.937996820499410688e+00
8.041609421244702460e+00
8.150017858521678704e+00
8.258746259533518597e+00
8.371460772320565624e+00
8.470248402773641772e+00
8.582889821675653508e+00
8.689889555971713975e+00
8.801127612971704650e+00
8.903507543025577675e+00
9.008006180424125375e+00
9.120161418449303170e+00
9.235085224365581880e+00
9.336149000633181316e+00
9.437799393719112473e+00
9.555017571124571063e+00
9.664302793411552628e+00
9.771175208781603061e+00
9.880866967777926391e+00
9.988073460705951589e+00
1.009505052960452431e+01
1.020474887963592714e+01
1.031136148048720713e+01
1.041121927640407741e+01
1.051629144887137279e+01
1.063452503520131209e+01
1.074511088025968419e+01
1.085256491097931075e+01
1.096482860735381060e+01
1.106902091416528044e+01
1.117915765385283855e+01
1.128838324586847364e+01
1.140367321111363097e+01
1.151097106108739432e+01
1.162059871152717960e+01
1.173339538955172223e+01
1.184261531999217176e+01
1.195239236025807550e+01
1.206206651444457023e+01
1.216747298977476888e+01
1.227831054295793933e+01
1.238605218347466064e+01
1.250010819483643765e+01
1.260423962962609856e+01
1.272050866434933525e+01
1.282872922977352559e+01
1.293303835621780351e+01
1.304753892926944658e+01
1.315575932296626860e+01
1.325426969827396384e+01
1.336382953985593325e+01
1.348284742751855170e+01
1.359390363276944313e+01
1.370351330461029704e+01
1.381295001679243839e+01
1.392383582007894205e+01
1.402360456636872854e+01
1.412821131843383426e+01
1.424833514733625428e+01
1.434917481503920911e+01
1.445241676201701608e+01
1.456244747666988459e+01
1.466701377100385706e+01
1.478202360266000248e+01
1.488674312364384811e+01
1.499912602970118414e+01
1.510582527189329305e+01
1.521754687906515358e+01
1.532421817705671785e+01
1.542987243802260267e+01
1.553676009652820689e+01
1.564534373488014651e+01
1.576551058108585934e+01
1.586938665811986482e+01
7.039839522140342254e+00
