0.000000000000000000e+00
4.072428078866912465e-03
4.286914130128025718e-02
1.363111940052964821e-01
2.732104070119057981e-01
4.442603156082660654e-01
6.294921806298517941e-01
8.357227044558666051e-01
1.086271157631905515e+00
1.338448111304612054e+00
1.606578901246073388e+00
1.926370369103890257e+00
2.269668201242176053e+00
2.624483514916033933e+00
2.975800341057824649e+00
3.361066377931003935e+00
3.803809862243509254e+00
4.294110215832730226e+00
4.758238178992159284e+00
5.276721831990321299e+00
5.775200596676770992e+00
6.328687496309942873e+00
6.903794348420881022e+00
7.462942848614239288e+00
8.090804607430664319e+00
8.706997184784105670e+00
9.335249382957622188e+00
1.007131413681715060e+01
1.078791096511318415e+01
1.154557150743426597e+01
1.230190826464633069e+01
1.312819146746169352e+01
1.393449346420640289e+01
1.473358365440314266e+01
1.558904849826579664e+01
1.646377423192899769e+01
1.734786785191103320e+01
1.830360934012162488e+01
1.931574010145614295e+01
2.027848479949949834e+01
2.128076915738894215e+01
2.234739860936801392e+01
2.341984724463327439e+01
2.447809308669209472e+01
2.550501519065497291e+01
2.657061612438236509e+01
2.766739909237046291e+01
2.885123893820468055e+01
3.000154011569625467e+01
3.118703599922412550e+01
3.240697718053941401e+01
3.363458464322665975e+01
3.487310447772921407e+01
3.619351287122528049e+01
3.751234075135661783e+01
3.884878666878532982e+01
4.022895540543865422e+01
4.162090227899552985e+01
4.302814503079160602e+01
4.446040000145886495e+01
4.590431703303906374e+01
4.733295436599104988e+01
4.882229881144858297e+01
5.036691457500253222e+01
5.200061904569534477e+01
5.355443740992112112e+01
5.512968676352551256e+01
5.674492270646157266e+01
5.840838867623744335e+01
6.023154471244772168e+01
6.196826221189299844e+01
6.365042464391193278e+01
6.541488567662584330e+01
6.727944975133833339e+01
6.911657636989971820e+01
7.098928190786392634e+01
7.282008505211967986e+01
7.460663477787664988e+01
7.642484698313926117e+01
7.836532932223875036e+01
8.031882061409632456e+01
8.213029319888335067e+01
8.422797851589263018e+01
8.623194949199660186e+01
8.826978303292727901e+01
9.017815446229793963e+01
9.215523895519920927e+01
9.433902132266457841e+01
9.650367965846515972e+01
9.852885444698387118e+01
1.005821864799908525e+02
1.029429239212771279e+02
1.051956566074695445e+02
1.074451495148630329e+02
1.096927190482240206e+02
1.119353752025174487e+02
1.142297285884346394e+02
1.165494711132722188e+02
1.188581991137886149e+02
1.211181321125828703e+02
1.234024975135683064e+02
1.260760639870946704e+02
1.285957071765515423e+02
1.310542506969194108e+02
1.336601240713762593e+02
1.361277598701421425e+02
1.386885068128294449e+02
1.413109034001972759e+02
1.440979048313753310e+02
1.467270703478686187e+02
1.493634869834404810e+02
1.520863611254800105e+02
1.547677578059721384e+02
1.575099760531226707e+02
1.602809337027674701e+02
1.629511423155587977e+02
1.657885016078100477e+02
1.686341604591655425e+02
1.715867719299372709e+02
1.743355665238632923e+02
1.773730336864369406e+02
1.803489280824318541e+02
1.831640453617796709e+02
1.862348824725580982e+02
1.892231003897244932e+02
1.919412654494134074e+02
1.950179197240401834e+02
1.983418155211554108e+02
2.014918576505573924e+02
2.046037581193557742e+02
2.077215767104214876e+02
2.109368191666830796e+02
2.138646035888117751e+02
2.169723879466461085e+02
2.204951967772995260e+02
2.235902418306829418e+02
2.267313613214484747e+02
2.299975763779562499e+02
2.331852283146879756e+02
2.366085951841193662e+02
2.398510857869901258e+02
2.433729158723893136e+02
2.467152507685981675e+02
2.502515120906308255e+02
2.535422021567684965e+02
2.569429387053929759e+02
2.604165048472996773e+02
2.639846143013176629e+02
2.678976671710639152e+02
2.713144532366051180e+02
1.203189308647766893e+02
