nan
1.305269283885255541e-03
8.251184038197214438e-03
1.815427246061650582e-02
2.688286469424061922e-02
3.546609026767382628e-02
4.192300396175602933e-02
4.706201081362748617e-02
5.066623638551511627e-02
5.374705595515065493e-02
5.650582551840797885e-02
5.887474990417763260e-02
6.089555794795338539e-02
6.214487920269937127e-02
6.330298692225223844e-02
6.437506123748264197e-02
6.538571257054895391e-02
6.656685874369001887e-02
6.702792255402922894e-02
6.777433534394199099e-02
6.842279492601370527e-02
6.903770098848344139e-02
6.972549591469126562e-02
7.016662388401595507e-02
7.056714233664411473e-02
7.103302971737301963e-02
7.128310501944314093e-02
7.208983703798413356e-02
7.238703119173568734e-02
7.265512355500890196e-02
7.281840411080292563e-02
7.324290347293424541e-02
7.340170426683251259e-02
7.353339383101584192e-02
7.379889919222963612e-02
7.394427512007495373e-02
7.407816430998256929e-02
7.440091029702204650e-02
7.460343701034156949e-02
7.482362446044868443e-02
7.497852777398959778e-02
7.517846397112952495e-02
7.535799784130159384e-02
7.551687782623014988e-02
7.560056869693451698e-02
7.565271327255920775e-02
7.568989838989192975e-02
7.585665144964778839e-02
7.589031899971754314e-02
7.598559480192591808e-02
7.600380084295410565e-02
7.609197759004297790e-02
7.608072574346586014e-02
7.619647824211131515e-02
7.630430447155263363e-02
7.638354089473013697e-02
7.647892754556960548e-02
7.654606845298585205e-02
7.653587519218678359e-02
7.659284309685751579e-02
7.663788272207816554e-02
7.665766792937403484e-02
7.669528815179477155e-02
7.676235853988522262e-02
7.692247783760265689e-02
7.700999772579196490e-02
7.702624559137405402e-02
7.709936773266894139e-02
7.713961074226734216e-02
7.729497882749473969e-02
7.734606714988795373e-02
7.737885585881076889e-02
7.750413219519376729e-02
7.761668117509530618e-02
7.768049701179981226e-02
7.776277805093646800e-02
7.781325830621133033e-02
7.780518206269224080e-02
7.784311928972628691e-02
7.788311346015786008e-02
7.795922844223526771e-02
7.790537111193041042e-02
7.797869411156538311e-02
7.799961107468586508e-02
7.805761990076094670e-02
7.803662493593005456e-02
7.803447214437177204e-02
7.809793398557161870e-02
7.818339195627679872e-02
7.815091017383954397e-02
7.812400609245265248e-02
7.822514385151434213e-02
7.825984327273485808e-02
7.827446807034725562e-02
7.831112649994208252e-02
7.832752345500983149e-02
7.834179838078510205e-02
7.837667953947181909e-02
7.838739084656090594e-02
7.834705415071754886e-02
7.834637129409172118e-02
7.844278367549482878e-02
7.848144711562220210e-02
7.849670736582121944e-02
7.854612800460181177e-02
7.853733886717269297e-02
7.857049483132419465e-02
7.859668708571973528e-02
7.866422724333013705e-02
7.867590312394594221e-02
7.870314581897953909e-02
7.875116725419849251e-02
7.877453940530507182e-02
7.880117087072802118e-02
7.882666274790531280e-02
7.882406415114959208e-02
7.885639098710055250e-02
7.886845193750958993e-02
7.892017461994191296e-02
7.890889516026422523e-02
7.897315795783545200e-02
7.898680393538244637e-02
7.897634078182182160e-02
7.902777644151005865e-02
7.904065077104732717e-02
7.899544740171282609e-02
7.901629370787832674e-02
7.909229396457732875e-02
7.912076723760338992e-02
7.914044505375712746e-02
7.915882894238743250e-02
7.918517317525809729e-02
7.914837425715683106e-02
7.913922881378350482e-02
7.921649018481723148e-02
7.918618694225340593e-02
7.916948888016674124e-02
7.918995160670849742e-02
7.918061782172372554e-02
7.922739269051583266e-02
7.921874019367619590e-02
7.925070136260554954e-02
7.925239315183452149e-02
7.928022674757718991e-02
7.928154542991149023e-02
7.927762045742647867e-02
7.928004295831173054e-02
7.929102777201162133e-02
7.936017150614164961e-02
7.934693329059933076e-02
